<?xml version="1.0" encoding="utf-8"?><testsuites><testsuite name="pytest" errors="0" failures="0" skipped="0" tests="3" time="28.286" timestamp="2024-02-04T12:27:19.778636" hostname="HuaweiDanis"><testcase classname="tests.test_index_page" name="test_unsuccessful_login[correct_username-incorrect_password-Password or username is incorrect]" time="5.326" /><testcase classname="tests.test_index_page" name="test_unsuccessful_login[-incorrect_password-Username field cannot be empty]" time="5.391" /><testcase classname="tests.test_index_page" name="test_unsuccessful_login[incorrect_password--Password field cannot be empty]" time="5.317" /></testsuite></testsuites>